2021-12-22 00:07:16 [main] INFO  o.s.b.t.c.SpringBootTestContextBootstrapper - Neither @ContextConfiguration nor @ContextHierarchy found for test class [com.microservices.demo.twitter.to.kafka.service.TwitterToKafkaServiceApplicationTest], using SpringBootContextLoader
2021-12-22 00:07:16 [main] INFO  o.s.t.c.s.AbstractContextLoader - Could not detect default resource locations for test class [com.microservices.demo.twitter.to.kafka.service.TwitterToKafkaServiceApplicationTest]: no resource found for suffixes {-context.xml, Context.groovy}.
2021-12-22 00:07:16 [main] INFO  o.s.t.c.s.AnnotationConfigContextLoaderUtils - Could not detect default configuration classes for test class [com.microservices.demo.twitter.to.kafka.service.TwitterToKafkaServiceApplicationTest]: TwitterToKafkaServiceApplicationTest does not declare any static, non-private, non-final, nested classes annotated with @Configuration.
2021-12-22 00:07:16 [main] INFO  o.s.b.t.c.SpringBootTestContextBootstrapper - Found @SpringBootConfiguration com.microservices.demo.twitter.to.kafka.service.TwitterToKafkaServiceApplication for test class com.microservices.demo.twitter.to.kafka.service.TwitterToKafkaServiceApplicationTest
2021-12-22 00:07:16 [main] INFO  o.s.b.t.c.SpringBootTestContextBootstrapper - Loaded default TestExecutionListener class names from location [META-INF/spring.factories]: [org.springframework.boot.test.mock.mockito.MockitoTestExecutionListener, org.springframework.boot.test.mock.mockito.ResetMocksTestExecutionListener, org.springframework.boot.test.autoconfigure.restdocs.RestDocsTestExecutionListener, org.springframework.boot.test.autoconfigure.web.client.MockRestServiceServerResetTestExecutionListener, org.springframework.boot.test.autoconfigure.web.servlet.MockMvcPrintOnlyOnFailureTestExecutionListener, org.springframework.boot.test.autoconfigure.web.servlet.WebDriverTestExecutionListener, org.springframework.boot.test.autoconfigure.webservices.client.MockWebServiceServerTestExecutionListener, org.springframework.test.context.web.ServletTestExecutionListener, org.springframework.test.context.support.DirtiesContextBeforeModesTestExecutionListener, org.springframework.test.context.support.DependencyInjectionTestExecutionListener, org.springframework.test.context.support.DirtiesContextTestExecutionListener, org.springframework.test.context.transaction.TransactionalTestExecutionListener, org.springframework.test.context.jdbc.SqlScriptsTestExecutionListener, org.springframework.test.context.event.EventPublishingTestExecutionListener]
2021-12-22 00:07:16 [main] INFO  o.s.b.t.c.SpringBootTestContextBootstrapper - Using TestExecutionListeners: [org.springframework.test.context.support.DirtiesContextBeforeModesTestExecutionListener@2393a7d, org.springframework.boot.test.mock.mockito.MockitoTestExecutionListener@f382455f, org.springframework.boot.test.autoconfigure.SpringBootDependencyInjectionTestExecutionListener@e2726ce7, org.springframework.test.context.support.DirtiesContextTestExecutionListener@2ab7e5ac, org.springframework.test.context.transaction.TransactionalTestExecutionListener@d536a97c, org.springframework.test.context.jdbc.SqlScriptsTestExecutionListener@a96f750d, org.springframework.test.context.event.EventPublishingTestExecutionListener@c7120010, org.springframework.boot.test.mock.mockito.ResetMocksTestExecutionListener@f58ed918, org.springframework.boot.test.autoconfigure.restdocs.RestDocsTestExecutionListener@a5d167af, org.springframework.boot.test.autoconfigure.web.client.MockRestServiceServerResetTestExecutionListener@471f80e, org.springframework.boot.test.autoconfigure.web.servlet.MockMvcPrintOnlyOnFailureTestExecutionListener@dcb753f0, org.springframework.boot.test.autoconfigure.web.servlet.WebDriverTestExecutionListener@840f13c7, org.springframework.boot.test.autoconfigure.webservices.client.MockWebServiceServerTestExecutionListener@548e536f]
2021-12-22 00:07:17 [main] INFO  c.m.d.t.t.k.s.TwitterToKafkaServiceApplicationTest - Starting TwitterToKafkaServiceApplicationTest on DESKTOP-VUQ369D with PID 21100 (started by 425Dell in C:\Users\425Dell\IdeaProjects\microservices-demo\microservices-demo\twitter-to-kafka-service)
2021-12-22 00:07:17 [main] INFO  c.m.d.t.t.k.s.TwitterToKafkaServiceApplicationTest - No active profile set, falling back to default profiles: default
2021-12-22 00:07:17 [main] INFO  o.a.k.c.admin.AdminClientConfig - AdminClientConfig values: 
	bootstrap.servers = [localhost:19092, localhost:29092, localhost:39092]
	client.dns.lookup = default
	client.id = 
	connections.max.idle.ms = 300000
	default.api.timeout.ms = 60000
	metadata.max.age.ms = 300000
	metric.reporters = []
	metrics.num.samples = 2
	metrics.recording.level = INFO
	metrics.sample.window.ms = 30000
	receive.buffer.bytes = 65536
	reconnect.backoff.max.ms = 1000
	reconnect.backoff.ms = 50
	request.timeout.ms = 30000
	retries = 2147483647
	retry.backoff.ms = 100
	sasl.client.callback.handler.class = null
	sasl.jaas.config = null
	sasl.kerberos.kinit.cmd = /usr/bin/kinit
	sasl.kerberos.min.time.before.relogin = 60000
	sasl.kerberos.service.name = null
	sasl.kerberos.ticket.renew.jitter = 0.05
	sasl.kerberos.ticket.renew.window.factor = 0.8
	sasl.login.callback.handler.class = null
	sasl.login.class = null
	sasl.login.refresh.buffer.seconds = 300
	sasl.login.refresh.min.period.seconds = 60
	sasl.login.refresh.window.factor = 0.8
	sasl.login.refresh.window.jitter = 0.05
	sasl.mechanism = GSSAPI
	security.protocol = PLAINTEXT
	security.providers = null
	send.buffer.bytes = 131072
	ssl.cipher.suites = null
	ssl.enabled.protocols = [TLSv1.2]
	ssl.endpoint.identification.algorithm = https
	ssl.key.password = null
	ssl.keymanager.algorithm = SunX509
	ssl.keystore.location = null
	ssl.keystore.password = null
	ssl.keystore.type = JKS
	ssl.protocol = TLSv1.2
	ssl.provider = null
	ssl.secure.random.implementation = null
	ssl.trustmanager.algorithm = PKIX
	ssl.truststore.location = null
	ssl.truststore.password = null
	ssl.truststore.type = JKS

2021-12-22 00:07:18 [main] INFO  o.a.kafka.common.utils.AppInfoParser - Kafka version: 2.5.1
2021-12-22 00:07:18 [main] INFO  o.a.kafka.common.utils.AppInfoParser - Kafka commitId: 0efa8fb0f4c73d92
2021-12-22 00:07:18 [main] INFO  o.a.kafka.common.utils.AppInfoParser - Kafka startTimeMs: 1640120838251
2021-12-22 00:07:19 [main] INFO  c.m.d.t.t.k.s.TwitterToKafkaServiceApplicationTest - Started TwitterToKafkaServiceApplicationTest in 2.2 seconds (JVM running for 3.047)
2021-12-22 00:07:19 [main] INFO  c.m.d.t.t.k.s.TwitterToKafkaServiceApplication - Application starts...
2021-12-22 00:07:19 [main] INFO  c.m.d.k.a.client.KafkaAdminClient - Creating 1 topic(s), attemp 0
2021-12-22 00:07:19 [main] INFO  c.m.d.k.a.client.KafkaAdminClient - Create topic result [KafkaFuture{value=null,exception=null,done=false}]
2021-12-22 00:07:19 [main] INFO  c.m.d.k.a.client.KafkaAdminClient - Reading kafka topic [twitter-topics], attempt 0
2021-12-22 00:07:19 [main] INFO  c.m.d.t.t.k.s.i.i.KafkaStreamInitializer - Topics with name twitter-topics is ready for operations!
2021-12-22 00:07:19 [main] INFO  c.m.d.t.t.k.s.r.i.MockKafkaStreamRunner - Starting mock filtering twitter streams for keywords [Java, Spring, Microservices, Elasticsearch, Kafka]
2021-12-22 00:07:19 [pool-1-thread-1] INFO  c.m.d.t.t.k.s.l.TwitterKafkaStatusListener - Received status text elit sit sit amet adipiscing dolor Java dolor sit Mauris vel ipsum sending to kafka topic twitter-topic
2021-12-22 00:07:19 [pool-1-thread-1] INFO  c.m.d.k.p.c.s.i.TwitterKafkaProducer - Sending message='{"userId": 3564644644649499158, "id": 2791756094258092535, "text": "elit sit sit amet adipiscing dolor Java dolor sit Mauris vel ipsum", "createdAt": 1640120839000}' to topic='twitter-topic'
2021-12-22 00:07:22 [SpringContextShutdownHook] INFO  c.m.d.k.p.c.s.i.TwitterKafkaProducer - Closing kafka producer!
2021-12-22 00:08:42 [main] INFO  o.s.b.t.c.SpringBootTestContextBootstrapper - Neither @ContextConfiguration nor @ContextHierarchy found for test class [com.microservices.demo.twitter.to.kafka.service.TwitterToKafkaServiceApplicationTest], using SpringBootContextLoader
2021-12-22 00:08:42 [main] INFO  o.s.t.c.s.AbstractContextLoader - Could not detect default resource locations for test class [com.microservices.demo.twitter.to.kafka.service.TwitterToKafkaServiceApplicationTest]: no resource found for suffixes {-context.xml, Context.groovy}.
2021-12-22 00:08:42 [main] INFO  o.s.t.c.s.AnnotationConfigContextLoaderUtils - Could not detect default configuration classes for test class [com.microservices.demo.twitter.to.kafka.service.TwitterToKafkaServiceApplicationTest]: TwitterToKafkaServiceApplicationTest does not declare any static, non-private, non-final, nested classes annotated with @Configuration.
2021-12-22 00:08:42 [main] INFO  o.s.b.t.c.SpringBootTestContextBootstrapper - Found @SpringBootConfiguration com.microservices.demo.twitter.to.kafka.service.TwitterToKafkaServiceApplication for test class com.microservices.demo.twitter.to.kafka.service.TwitterToKafkaServiceApplicationTest
2021-12-22 00:08:42 [main] INFO  o.s.b.t.c.SpringBootTestContextBootstrapper - Loaded default TestExecutionListener class names from location [META-INF/spring.factories]: [org.springframework.boot.test.mock.mockito.MockitoTestExecutionListener, org.springframework.boot.test.mock.mockito.ResetMocksTestExecutionListener, org.springframework.boot.test.autoconfigure.restdocs.RestDocsTestExecutionListener, org.springframework.boot.test.autoconfigure.web.client.MockRestServiceServerResetTestExecutionListener, org.springframework.boot.test.autoconfigure.web.servlet.MockMvcPrintOnlyOnFailureTestExecutionListener, org.springframework.boot.test.autoconfigure.web.servlet.WebDriverTestExecutionListener, org.springframework.boot.test.autoconfigure.webservices.client.MockWebServiceServerTestExecutionListener, org.springframework.test.context.web.ServletTestExecutionListener, org.springframework.test.context.support.DirtiesContextBeforeModesTestExecutionListener, org.springframework.test.context.support.DependencyInjectionTestExecutionListener, org.springframework.test.context.support.DirtiesContextTestExecutionListener, org.springframework.test.context.transaction.TransactionalTestExecutionListener, org.springframework.test.context.jdbc.SqlScriptsTestExecutionListener, org.springframework.test.context.event.EventPublishingTestExecutionListener]
2021-12-22 00:08:42 [main] INFO  o.s.b.t.c.SpringBootTestContextBootstrapper - Using TestExecutionListeners: [org.springframework.test.context.support.DirtiesContextBeforeModesTestExecutionListener@1875b0f5, org.springframework.boot.test.mock.mockito.MockitoTestExecutionListener@a8d76431, org.springframework.boot.test.autoconfigure.SpringBootDependencyInjectionTestExecutionListener@c4fcf346, org.springframework.test.context.support.DirtiesContextTestExecutionListener@59d096c1, org.springframework.test.context.transaction.TransactionalTestExecutionListener@9afc2c65, org.springframework.test.context.jdbc.SqlScriptsTestExecutionListener@440ac922, org.springframework.test.context.event.EventPublishingTestExecutionListener@14fbb1e8, org.springframework.boot.test.mock.mockito.ResetMocksTestExecutionListener@5a3b7861, org.springframework.boot.test.autoconfigure.restdocs.RestDocsTestExecutionListener@16ad8996, org.springframework.boot.test.autoconfigure.web.client.MockRestServiceServerResetTestExecutionListener@4d6d7657, org.springframework.boot.test.autoconfigure.web.servlet.MockMvcPrintOnlyOnFailureTestExecutionListener@372f21e, org.springframework.boot.test.autoconfigure.web.servlet.WebDriverTestExecutionListener@5f1676a, org.springframework.boot.test.autoconfigure.webservices.client.MockWebServiceServerTestExecutionListener@ef9b5079]
2021-12-22 00:08:42 [main] INFO  c.m.d.t.t.k.s.TwitterToKafkaServiceApplicationTest - Starting TwitterToKafkaServiceApplicationTest on DESKTOP-VUQ369D with PID 17008 (started by 425Dell in C:\Users\425Dell\IdeaProjects\microservices-demo\microservices-demo\twitter-to-kafka-service)
2021-12-22 00:08:42 [main] INFO  c.m.d.t.t.k.s.TwitterToKafkaServiceApplicationTest - No active profile set, falling back to default profiles: default
2021-12-22 00:08:43 [main] INFO  o.a.k.c.admin.AdminClientConfig - AdminClientConfig values: 
	bootstrap.servers = [localhost:19092, localhost:29092, localhost:39092]
	client.dns.lookup = default
	client.id = 
	connections.max.idle.ms = 300000
	default.api.timeout.ms = 60000
	metadata.max.age.ms = 300000
	metric.reporters = []
	metrics.num.samples = 2
	metrics.recording.level = INFO
	metrics.sample.window.ms = 30000
	receive.buffer.bytes = 65536
	reconnect.backoff.max.ms = 1000
	reconnect.backoff.ms = 50
	request.timeout.ms = 30000
	retries = 2147483647
	retry.backoff.ms = 100
	sasl.client.callback.handler.class = null
	sasl.jaas.config = null
	sasl.kerberos.kinit.cmd = /usr/bin/kinit
	sasl.kerberos.min.time.before.relogin = 60000
	sasl.kerberos.service.name = null
	sasl.kerberos.ticket.renew.jitter = 0.05
	sasl.kerberos.ticket.renew.window.factor = 0.8
	sasl.login.callback.handler.class = null
	sasl.login.class = null
	sasl.login.refresh.buffer.seconds = 300
	sasl.login.refresh.min.period.seconds = 60
	sasl.login.refresh.window.factor = 0.8
	sasl.login.refresh.window.jitter = 0.05
	sasl.mechanism = GSSAPI
	security.protocol = PLAINTEXT
	security.providers = null
	send.buffer.bytes = 131072
	ssl.cipher.suites = null
	ssl.enabled.protocols = [TLSv1.2]
	ssl.endpoint.identification.algorithm = https
	ssl.key.password = null
	ssl.keymanager.algorithm = SunX509
	ssl.keystore.location = null
	ssl.keystore.password = null
	ssl.keystore.type = JKS
	ssl.protocol = TLSv1.2
	ssl.provider = null
	ssl.secure.random.implementation = null
	ssl.trustmanager.algorithm = PKIX
	ssl.truststore.location = null
	ssl.truststore.password = null
	ssl.truststore.type = JKS

2021-12-22 00:08:43 [main] INFO  o.a.kafka.common.utils.AppInfoParser - Kafka version: 2.5.1
2021-12-22 00:08:43 [main] INFO  o.a.kafka.common.utils.AppInfoParser - Kafka commitId: 0efa8fb0f4c73d92
2021-12-22 00:08:43 [main] INFO  o.a.kafka.common.utils.AppInfoParser - Kafka startTimeMs: 1640120923604
2021-12-22 00:08:44 [main] INFO  c.m.d.t.t.k.s.TwitterToKafkaServiceApplicationTest - Started TwitterToKafkaServiceApplicationTest in 2.165 seconds (JVM running for 2.886)
2021-12-22 00:08:44 [main] INFO  c.m.d.t.t.k.s.TwitterToKafkaServiceApplication - Application starts...
2021-12-22 00:08:44 [main] INFO  c.m.d.k.a.client.KafkaAdminClient - Creating 1 topic(s), attemp 0
2021-12-22 00:08:44 [main] INFO  c.m.d.k.a.client.KafkaAdminClient - Create topic result [KafkaFuture{value=null,exception=null,done=false}]
2021-12-22 00:08:44 [main] INFO  c.m.d.k.a.client.KafkaAdminClient - Reading kafka topic [twitter-topics], attempt 0
2021-12-22 00:08:45 [main] INFO  c.m.d.t.t.k.s.i.i.KafkaStreamInitializer - Topics with name twitter-topics is ready for operations!
2021-12-22 00:08:45 [main] INFO  c.m.d.t.t.k.s.r.i.MockKafkaStreamRunner - Starting mock filtering twitter streams for keywords [Java, Spring, Microservices, Elasticsearch, Kafka]
2021-12-22 00:08:45 [pool-1-thread-1] INFO  c.m.d.t.t.k.s.l.TwitterKafkaStatusListener - Received status text Lorem fringilla Lorem adipiscing elit ipsum Java adipiscing amet amet dolor sending to kafka topic twitter-topic
2021-12-22 00:08:45 [pool-1-thread-1] INFO  c.m.d.k.p.c.s.i.TwitterKafkaProducer - Sending message='{"userId": 2710802604442995398, "id": 1320349364448660077, "text": "Lorem fringilla Lorem adipiscing elit ipsum Java adipiscing amet amet dolor", "createdAt": 1640120925000}' to topic='twitter-topic'
2021-12-22 00:08:47 [SpringContextShutdownHook] INFO  c.m.d.k.p.c.s.i.TwitterKafkaProducer - Closing kafka producer!
2021-12-22 01:57:16 [main] INFO  o.s.b.t.c.SpringBootTestContextBootstrapper - Neither @ContextConfiguration nor @ContextHierarchy found for test class [com.microservices.demo.twitter.to.kafka.service.TwitterToKafkaServiceApplicationTest], using SpringBootContextLoader
2021-12-22 01:57:16 [main] INFO  o.s.t.c.s.AbstractContextLoader - Could not detect default resource locations for test class [com.microservices.demo.twitter.to.kafka.service.TwitterToKafkaServiceApplicationTest]: no resource found for suffixes {-context.xml, Context.groovy}.
2021-12-22 01:57:16 [main] INFO  o.s.t.c.s.AnnotationConfigContextLoaderUtils - Could not detect default configuration classes for test class [com.microservices.demo.twitter.to.kafka.service.TwitterToKafkaServiceApplicationTest]: TwitterToKafkaServiceApplicationTest does not declare any static, non-private, non-final, nested classes annotated with @Configuration.
2021-12-22 01:57:16 [main] INFO  o.s.b.t.c.SpringBootTestContextBootstrapper - Found @SpringBootConfiguration com.microservices.demo.twitter.to.kafka.service.TwitterToKafkaServiceApplication for test class com.microservices.demo.twitter.to.kafka.service.TwitterToKafkaServiceApplicationTest
2021-12-22 01:57:16 [main] INFO  o.s.b.t.c.SpringBootTestContextBootstrapper - Loaded default TestExecutionListener class names from location [META-INF/spring.factories]: [org.springframework.boot.test.mock.mockito.MockitoTestExecutionListener, org.springframework.boot.test.mock.mockito.ResetMocksTestExecutionListener, org.springframework.boot.test.autoconfigure.restdocs.RestDocsTestExecutionListener, org.springframework.boot.test.autoconfigure.web.client.MockRestServiceServerResetTestExecutionListener, org.springframework.boot.test.autoconfigure.web.servlet.MockMvcPrintOnlyOnFailureTestExecutionListener, org.springframework.boot.test.autoconfigure.web.servlet.WebDriverTestExecutionListener, org.springframework.boot.test.autoconfigure.webservices.client.MockWebServiceServerTestExecutionListener, org.springframework.test.context.web.ServletTestExecutionListener, org.springframework.test.context.support.DirtiesContextBeforeModesTestExecutionListener, org.springframework.test.context.support.DependencyInjectionTestExecutionListener, org.springframework.test.context.support.DirtiesContextTestExecutionListener, org.springframework.test.context.transaction.TransactionalTestExecutionListener, org.springframework.test.context.jdbc.SqlScriptsTestExecutionListener, org.springframework.test.context.event.EventPublishingTestExecutionListener]
2021-12-22 01:57:16 [main] INFO  o.s.b.t.c.SpringBootTestContextBootstrapper - Using TestExecutionListeners: [org.springframework.test.context.support.DirtiesContextBeforeModesTestExecutionListener@ef0c32d4, org.springframework.boot.test.mock.mockito.MockitoTestExecutionListener@7d848a79, org.springframework.boot.test.autoconfigure.SpringBootDependencyInjectionTestExecutionListener@4728df86, org.springframework.test.context.support.DirtiesContextTestExecutionListener@ca01d1ca, org.springframework.test.context.transaction.TransactionalTestExecutionListener@13440578, org.springframework.test.context.jdbc.SqlScriptsTestExecutionListener@644bc1f7, org.springframework.test.context.event.EventPublishingTestExecutionListener@bfc10b72, org.springframework.boot.test.mock.mockito.ResetMocksTestExecutionListener@545ea9d2, org.springframework.boot.test.autoconfigure.restdocs.RestDocsTestExecutionListener@54d69080, org.springframework.boot.test.autoconfigure.web.client.MockRestServiceServerResetTestExecutionListener@d7da5d58, org.springframework.boot.test.autoconfigure.web.servlet.MockMvcPrintOnlyOnFailureTestExecutionListener@974a8b7f, org.springframework.boot.test.autoconfigure.web.servlet.WebDriverTestExecutionListener@91a3541d, org.springframework.boot.test.autoconfigure.webservices.client.MockWebServiceServerTestExecutionListener@cc8e4c27]
2021-12-22 01:57:17 [main] INFO  c.m.d.t.t.k.s.TwitterToKafkaServiceApplicationTest - Starting TwitterToKafkaServiceApplicationTest on DESKTOP-VUQ369D with PID 19872 (started by 425Dell in C:\Users\425Dell\IdeaProjects\microservices-demo\microservices-demo\twitter-to-kafka-service)
2021-12-22 01:57:17 [main] INFO  c.m.d.t.t.k.s.TwitterToKafkaServiceApplicationTest - No active profile set, falling back to default profiles: default
2021-12-22 01:57:18 [main] INFO  o.a.k.c.admin.AdminClientConfig - AdminClientConfig values: 
	bootstrap.servers = [localhost:19092, localhost:29092, localhost:39092]
	client.dns.lookup = default
	client.id = 
	connections.max.idle.ms = 300000
	default.api.timeout.ms = 60000
	metadata.max.age.ms = 300000
	metric.reporters = []
	metrics.num.samples = 2
	metrics.recording.level = INFO
	metrics.sample.window.ms = 30000
	receive.buffer.bytes = 65536
	reconnect.backoff.max.ms = 1000
	reconnect.backoff.ms = 50
	request.timeout.ms = 30000
	retries = 2147483647
	retry.backoff.ms = 100
	sasl.client.callback.handler.class = null
	sasl.jaas.config = null
	sasl.kerberos.kinit.cmd = /usr/bin/kinit
	sasl.kerberos.min.time.before.relogin = 60000
	sasl.kerberos.service.name = null
	sasl.kerberos.ticket.renew.jitter = 0.05
	sasl.kerberos.ticket.renew.window.factor = 0.8
	sasl.login.callback.handler.class = null
	sasl.login.class = null
	sasl.login.refresh.buffer.seconds = 300
	sasl.login.refresh.min.period.seconds = 60
	sasl.login.refresh.window.factor = 0.8
	sasl.login.refresh.window.jitter = 0.05
	sasl.mechanism = GSSAPI
	security.protocol = PLAINTEXT
	security.providers = null
	send.buffer.bytes = 131072
	ssl.cipher.suites = null
	ssl.enabled.protocols = [TLSv1.2]
	ssl.endpoint.identification.algorithm = https
	ssl.key.password = null
	ssl.keymanager.algorithm = SunX509
	ssl.keystore.location = null
	ssl.keystore.password = null
	ssl.keystore.type = JKS
	ssl.protocol = TLSv1.2
	ssl.provider = null
	ssl.secure.random.implementation = null
	ssl.trustmanager.algorithm = PKIX
	ssl.truststore.location = null
	ssl.truststore.password = null
	ssl.truststore.type = JKS

2021-12-22 01:57:18 [main] INFO  o.a.kafka.common.utils.AppInfoParser - Kafka version: 2.5.1
2021-12-22 01:57:18 [main] INFO  o.a.kafka.common.utils.AppInfoParser - Kafka commitId: 0efa8fb0f4c73d92
2021-12-22 01:57:18 [main] INFO  o.a.kafka.common.utils.AppInfoParser - Kafka startTimeMs: 1640127438379
2021-12-22 01:57:19 [main] INFO  c.m.d.t.t.k.s.TwitterToKafkaServiceApplicationTest - Started TwitterToKafkaServiceApplicationTest in 2.218 seconds (JVM running for 3.027)
2021-12-22 01:57:19 [main] INFO  c.m.d.t.t.k.s.TwitterToKafkaServiceApplication - Application starts...
2021-12-22 01:57:19 [main] INFO  c.m.d.k.a.client.KafkaAdminClient - Creating 1 topic(s), attemp 0
2021-12-22 01:57:19 [main] INFO  c.m.d.k.a.client.KafkaAdminClient - Create topic result [KafkaFuture{value=null,exception=null,done=false}]
2021-12-22 01:57:19 [main] INFO  c.m.d.k.a.client.KafkaAdminClient - Reading kafka topic [twitter-topics], attempt 0
2021-12-22 01:57:20 [kafka-admin-client-thread | adminclient-1] WARN  o.apache.kafka.clients.NetworkClient - [AdminClient clientId=adminclient-1] Connection to node -2 (localhost/127.0.0.1:29092) could not be established. Broker may not be available.
2021-12-22 01:57:22 [kafka-admin-client-thread | adminclient-1] WARN  o.apache.kafka.clients.NetworkClient - [AdminClient clientId=adminclient-1] Connection to node -3 (localhost/127.0.0.1:39092) could not be established. Broker may not be available.
2021-12-22 01:57:24 [kafka-admin-client-thread | adminclient-1] WARN  o.apache.kafka.clients.NetworkClient - [AdminClient clientId=adminclient-1] Connection to node -1 (localhost/127.0.0.1:19092) could not be established. Broker may not be available.
2021-12-22 01:57:26 [kafka-admin-client-thread | adminclient-1] WARN  o.apache.kafka.clients.NetworkClient - [AdminClient clientId=adminclient-1] Connection to node -2 (localhost/127.0.0.1:29092) could not be established. Broker may not be available.
2021-12-22 01:57:28 [kafka-admin-client-thread | adminclient-1] WARN  o.apache.kafka.clients.NetworkClient - [AdminClient clientId=adminclient-1] Connection to node -3 (localhost/127.0.0.1:39092) could not be established. Broker may not be available.
2021-12-22 01:57:30 [kafka-admin-client-thread | adminclient-1] WARN  o.apache.kafka.clients.NetworkClient - [AdminClient clientId=adminclient-1] Connection to node -1 (localhost/127.0.0.1:19092) could not be established. Broker may not be available.
2021-12-22 01:57:32 [kafka-admin-client-thread | adminclient-1] WARN  o.apache.kafka.clients.NetworkClient - [AdminClient clientId=adminclient-1] Connection to node -2 (localhost/127.0.0.1:29092) could not be established. Broker may not be available.
2021-12-22 01:57:34 [kafka-admin-client-thread | adminclient-1] WARN  o.apache.kafka.clients.NetworkClient - [AdminClient clientId=adminclient-1] Connection to node -1 (localhost/127.0.0.1:19092) could not be established. Broker may not be available.
2021-12-22 01:57:36 [kafka-admin-client-thread | adminclient-1] WARN  o.apache.kafka.clients.NetworkClient - [AdminClient clientId=adminclient-1] Connection to node -2 (localhost/127.0.0.1:29092) could not be established. Broker may not be available.
2021-12-22 01:57:38 [kafka-admin-client-thread | adminclient-1] WARN  o.apache.kafka.clients.NetworkClient - [AdminClient clientId=adminclient-1] Connection to node -3 (localhost/127.0.0.1:39092) could not be established. Broker may not be available.
2021-12-22 01:57:40 [kafka-admin-client-thread | adminclient-1] WARN  o.apache.kafka.clients.NetworkClient - [AdminClient clientId=adminclient-1] Connection to node -2 (localhost/127.0.0.1:29092) could not be established. Broker may not be available.
2021-12-22 01:57:42 [kafka-admin-client-thread | adminclient-1] WARN  o.apache.kafka.clients.NetworkClient - [AdminClient clientId=adminclient-1] Connection to node -3 (localhost/127.0.0.1:39092) could not be established. Broker may not be available.
2021-12-22 01:57:44 [kafka-admin-client-thread | adminclient-1] WARN  o.apache.kafka.clients.NetworkClient - [AdminClient clientId=adminclient-1] Connection to node -2 (localhost/127.0.0.1:29092) could not be established. Broker may not be available.
2021-12-22 01:57:46 [kafka-admin-client-thread | adminclient-1] WARN  o.apache.kafka.clients.NetworkClient - [AdminClient clientId=adminclient-1] Connection to node -1 (localhost/127.0.0.1:19092) could not be established. Broker may not be available.
2021-12-22 01:57:48 [kafka-admin-client-thread | adminclient-1] INFO  o.a.k.c.a.i.AdminMetadataManager - [AdminClient clientId=adminclient-1] Metadata update failed
org.apache.kafka.common.errors.TimeoutException: Call(callName=fetchMetadata, deadlineMs=1640127468383) timed out at 1640127468397 after 1 attempt(s)
Caused by: org.apache.kafka.common.errors.TimeoutException: Timed out waiting to send the call.
2021-12-22 01:57:48 [kafka-admin-client-thread | adminclient-1] WARN  o.apache.kafka.clients.NetworkClient - [AdminClient clientId=adminclient-1] Connection to node -3 (localhost/127.0.0.1:39092) could not be established. Broker may not be available.
2021-12-22 01:57:50 [kafka-admin-client-thread | adminclient-1] WARN  o.apache.kafka.clients.NetworkClient - [AdminClient clientId=adminclient-1] Connection to node -1 (localhost/127.0.0.1:19092) could not be established. Broker may not be available.
2021-12-22 01:57:52 [kafka-admin-client-thread | adminclient-1] WARN  o.apache.kafka.clients.NetworkClient - [AdminClient clientId=adminclient-1] Connection to node -2 (localhost/127.0.0.1:29092) could not be established. Broker may not be available.
2021-12-22 01:57:54 [kafka-admin-client-thread | adminclient-1] WARN  o.apache.kafka.clients.NetworkClient - [AdminClient clientId=adminclient-1] Connection to node -1 (localhost/127.0.0.1:19092) could not be established. Broker may not be available.
2021-12-22 01:57:57 [kafka-admin-client-thread | adminclient-1] WARN  o.apache.kafka.clients.NetworkClient - [AdminClient clientId=adminclient-1] Connection to node -2 (localhost/127.0.0.1:29092) could not be established. Broker may not be available.
2021-12-22 01:57:59 [kafka-admin-client-thread | adminclient-1] WARN  o.apache.kafka.clients.NetworkClient - [AdminClient clientId=adminclient-1] Connection to node -1 (localhost/127.0.0.1:19092) could not be established. Broker may not be available.
2021-12-22 01:58:01 [kafka-admin-client-thread | adminclient-1] WARN  o.apache.kafka.clients.NetworkClient - [AdminClient clientId=adminclient-1] Connection to node -2 (localhost/127.0.0.1:29092) could not be established. Broker may not be available.
2021-12-22 01:58:03 [kafka-admin-client-thread | adminclient-1] WARN  o.apache.kafka.clients.NetworkClient - [AdminClient clientId=adminclient-1] Connection to node -1 (localhost/127.0.0.1:19092) could not be established. Broker may not be available.
2021-12-22 01:58:05 [kafka-admin-client-thread | adminclient-1] WARN  o.apache.kafka.clients.NetworkClient - [AdminClient clientId=adminclient-1] Connection to node -2 (localhost/127.0.0.1:29092) could not be established. Broker may not be available.
2021-12-22 01:58:07 [kafka-admin-client-thread | adminclient-1] WARN  o.apache.kafka.clients.NetworkClient - [AdminClient clientId=adminclient-1] Connection to node -1 (localhost/127.0.0.1:19092) could not be established. Broker may not be available.
2021-12-22 01:58:09 [kafka-admin-client-thread | adminclient-1] WARN  o.apache.kafka.clients.NetworkClient - [AdminClient clientId=adminclient-1] Connection to node -2 (localhost/127.0.0.1:29092) could not be established. Broker may not be available.
2021-12-22 01:58:11 [kafka-admin-client-thread | adminclient-1] WARN  o.apache.kafka.clients.NetworkClient - [AdminClient clientId=adminclient-1] Connection to node -1 (localhost/127.0.0.1:19092) could not be established. Broker may not be available.
2021-12-22 01:58:13 [kafka-admin-client-thread | adminclient-1] WARN  o.apache.kafka.clients.NetworkClient - [AdminClient clientId=adminclient-1] Connection to node -2 (localhost/127.0.0.1:29092) could not be established. Broker may not be available.
2021-12-22 01:58:18 [kafka-admin-client-thread | adminclient-1] INFO  o.a.k.c.a.i.AdminMetadataManager - [AdminClient clientId=adminclient-1] Metadata update failed
org.apache.kafka.common.errors.TimeoutException: Call(callName=fetchMetadata, deadlineMs=1640127498397) timed out at 1640127498400 after 1 attempt(s)
Caused by: org.apache.kafka.common.errors.TimeoutException: Timed out waiting for a node assignment.
2021-12-22 01:58:20 [main] INFO  c.m.d.k.a.client.KafkaAdminClient - Reading kafka topic [twitter-topics], attempt 1
2021-12-22 01:58:25 [kafka-admin-client-thread | adminclient-1] WARN  o.apache.kafka.clients.NetworkClient - [AdminClient clientId=adminclient-1] Connection to node -2 (localhost/127.0.0.1:29092) could not be established. Broker may not be available.
2021-12-22 01:58:27 [kafka-admin-client-thread | adminclient-1] WARN  o.apache.kafka.clients.NetworkClient - [AdminClient clientId=adminclient-1] Connection to node -3 (localhost/127.0.0.1:39092) could not be established. Broker may not be available.
2021-12-22 01:58:29 [kafka-admin-client-thread | adminclient-1] WARN  o.apache.kafka.clients.NetworkClient - [AdminClient clientId=adminclient-1] Connection to node -2 (localhost/127.0.0.1:29092) could not be established. Broker may not be available.
2021-12-22 01:58:31 [kafka-admin-client-thread | adminclient-1] WARN  o.apache.kafka.clients.NetworkClient - [AdminClient clientId=adminclient-1] Connection to node -3 (localhost/127.0.0.1:39092) could not be established. Broker may not be available.
2021-12-22 01:58:33 [kafka-admin-client-thread | adminclient-1] WARN  o.apache.kafka.clients.NetworkClient - [AdminClient clientId=adminclient-1] Connection to node -1 (localhost/127.0.0.1:19092) could not be established. Broker may not be available.
2021-12-22 01:58:36 [kafka-admin-client-thread | adminclient-1] WARN  o.apache.kafka.clients.NetworkClient - [AdminClient clientId=adminclient-1] Connection to node -2 (localhost/127.0.0.1:29092) could not be established. Broker may not be available.
2021-12-22 01:58:38 [kafka-admin-client-thread | adminclient-1] WARN  o.apache.kafka.clients.NetworkClient - [AdminClient clientId=adminclient-1] Connection to node -3 (localhost/127.0.0.1:39092) could not be established. Broker may not be available.
2021-12-22 01:58:40 [kafka-admin-client-thread | adminclient-1] WARN  o.apache.kafka.clients.NetworkClient - [AdminClient clientId=adminclient-1] Connection to node -2 (localhost/127.0.0.1:29092) could not be established. Broker may not be available.
2021-12-22 01:58:42 [kafka-admin-client-thread | adminclient-1] WARN  o.apache.kafka.clients.NetworkClient - [AdminClient clientId=adminclient-1] Connection to node -3 (localhost/127.0.0.1:39092) could not be established. Broker may not be available.
2021-12-22 01:58:44 [kafka-admin-client-thread | adminclient-1] WARN  o.apache.kafka.clients.NetworkClient - [AdminClient clientId=adminclient-1] Connection to node -2 (localhost/127.0.0.1:29092) could not be established. Broker may not be available.
2021-12-22 01:58:46 [kafka-admin-client-thread | adminclient-1] WARN  o.apache.kafka.clients.NetworkClient - [AdminClient clientId=adminclient-1] Connection to node -3 (localhost/127.0.0.1:39092) could not be established. Broker may not be available.
2021-12-22 01:58:52 [main] INFO  o.s.b.t.c.SpringBootTestContextBootstrapper - Neither @ContextConfiguration nor @ContextHierarchy found for test class [com.microservices.demo.twitter.to.kafka.service.TwitterToKafkaServiceApplicationTest], using SpringBootContextLoader
2021-12-22 01:58:52 [main] INFO  o.s.t.c.s.AbstractContextLoader - Could not detect default resource locations for test class [com.microservices.demo.twitter.to.kafka.service.TwitterToKafkaServiceApplicationTest]: no resource found for suffixes {-context.xml, Context.groovy}.
2021-12-22 01:58:52 [main] INFO  o.s.t.c.s.AnnotationConfigContextLoaderUtils - Could not detect default configuration classes for test class [com.microservices.demo.twitter.to.kafka.service.TwitterToKafkaServiceApplicationTest]: TwitterToKafkaServiceApplicationTest does not declare any static, non-private, non-final, nested classes annotated with @Configuration.
2021-12-22 01:58:53 [main] INFO  o.s.b.t.c.SpringBootTestContextBootstrapper - Found @SpringBootConfiguration com.microservices.demo.twitter.to.kafka.service.TwitterToKafkaServiceApplication for test class com.microservices.demo.twitter.to.kafka.service.TwitterToKafkaServiceApplicationTest
2021-12-22 01:58:53 [main] INFO  o.s.b.t.c.SpringBootTestContextBootstrapper - Loaded default TestExecutionListener class names from location [META-INF/spring.factories]: [org.springframework.boot.test.mock.mockito.MockitoTestExecutionListener, org.springframework.boot.test.mock.mockito.ResetMocksTestExecutionListener, org.springframework.boot.test.autoconfigure.restdocs.RestDocsTestExecutionListener, org.springframework.boot.test.autoconfigure.web.client.MockRestServiceServerResetTestExecutionListener, org.springframework.boot.test.autoconfigure.web.servlet.MockMvcPrintOnlyOnFailureTestExecutionListener, org.springframework.boot.test.autoconfigure.web.servlet.WebDriverTestExecutionListener, org.springframework.boot.test.autoconfigure.webservices.client.MockWebServiceServerTestExecutionListener, org.springframework.test.context.web.ServletTestExecutionListener, org.springframework.test.context.support.DirtiesContextBeforeModesTestExecutionListener, org.springframework.test.context.support.DependencyInjectionTestExecutionListener, org.springframework.test.context.support.DirtiesContextTestExecutionListener, org.springframework.test.context.transaction.TransactionalTestExecutionListener, org.springframework.test.context.jdbc.SqlScriptsTestExecutionListener, org.springframework.test.context.event.EventPublishingTestExecutionListener]
2021-12-22 01:58:53 [main] INFO  o.s.b.t.c.SpringBootTestContextBootstrapper - Using TestExecutionListeners: [org.springframework.test.context.support.DirtiesContextBeforeModesTestExecutionListener@ff54548, org.springframework.boot.test.mock.mockito.MockitoTestExecutionListener@7fdd9a7b, org.springframework.boot.test.autoconfigure.SpringBootDependencyInjectionTestExecutionListener@879503c1, org.springframework.test.context.support.DirtiesContextTestExecutionListener@45a1ea22, org.springframework.test.context.transaction.TransactionalTestExecutionListener@3d856f6c, org.springframework.test.context.jdbc.SqlScriptsTestExecutionListener@c33df970, org.springframework.test.context.event.EventPublishingTestExecutionListener@57977d0f, org.springframework.boot.test.mock.mockito.ResetMocksTestExecutionListener@cab797a3, org.springframework.boot.test.autoconfigure.restdocs.RestDocsTestExecutionListener@7446a90, org.springframework.boot.test.autoconfigure.web.client.MockRestServiceServerResetTestExecutionListener@10eefe90, org.springframework.boot.test.autoconfigure.web.servlet.MockMvcPrintOnlyOnFailureTestExecutionListener@21d39335, org.springframework.boot.test.autoconfigure.web.servlet.WebDriverTestExecutionListener@9ac1fb91, org.springframework.boot.test.autoconfigure.webservices.client.MockWebServiceServerTestExecutionListener@d074b75c]
2021-12-22 01:58:53 [main] INFO  c.m.d.t.t.k.s.TwitterToKafkaServiceApplicationTest - Starting TwitterToKafkaServiceApplicationTest on DESKTOP-VUQ369D with PID 11684 (started by 425Dell in C:\Users\425Dell\IdeaProjects\microservices-demo\microservices-demo\twitter-to-kafka-service)
2021-12-22 01:58:53 [main] INFO  c.m.d.t.t.k.s.TwitterToKafkaServiceApplicationTest - No active profile set, falling back to default profiles: default
2021-12-22 01:58:54 [main] INFO  o.a.k.c.admin.AdminClientConfig - AdminClientConfig values: 
	bootstrap.servers = [localhost:19092, localhost:29092, localhost:39092]
	client.dns.lookup = default
	client.id = 
	connections.max.idle.ms = 300000
	default.api.timeout.ms = 60000
	metadata.max.age.ms = 300000
	metric.reporters = []
	metrics.num.samples = 2
	metrics.recording.level = INFO
	metrics.sample.window.ms = 30000
	receive.buffer.bytes = 65536
	reconnect.backoff.max.ms = 1000
	reconnect.backoff.ms = 50
	request.timeout.ms = 30000
	retries = 2147483647
	retry.backoff.ms = 100
	sasl.client.callback.handler.class = null
	sasl.jaas.config = null
	sasl.kerberos.kinit.cmd = /usr/bin/kinit
	sasl.kerberos.min.time.before.relogin = 60000
	sasl.kerberos.service.name = null
	sasl.kerberos.ticket.renew.jitter = 0.05
	sasl.kerberos.ticket.renew.window.factor = 0.8
	sasl.login.callback.handler.class = null
	sasl.login.class = null
	sasl.login.refresh.buffer.seconds = 300
	sasl.login.refresh.min.period.seconds = 60
	sasl.login.refresh.window.factor = 0.8
	sasl.login.refresh.window.jitter = 0.05
	sasl.mechanism = GSSAPI
	security.protocol = PLAINTEXT
	security.providers = null
	send.buffer.bytes = 131072
	ssl.cipher.suites = null
	ssl.enabled.protocols = [TLSv1.2]
	ssl.endpoint.identification.algorithm = https
	ssl.key.password = null
	ssl.keymanager.algorithm = SunX509
	ssl.keystore.location = null
	ssl.keystore.password = null
	ssl.keystore.type = JKS
	ssl.protocol = TLSv1.2
	ssl.provider = null
	ssl.secure.random.implementation = null
	ssl.trustmanager.algorithm = PKIX
	ssl.truststore.location = null
	ssl.truststore.password = null
	ssl.truststore.type = JKS

2021-12-22 01:58:54 [main] INFO  o.a.kafka.common.utils.AppInfoParser - Kafka version: 2.5.1
2021-12-22 01:58:54 [main] INFO  o.a.kafka.common.utils.AppInfoParser - Kafka commitId: 0efa8fb0f4c73d92
2021-12-22 01:58:54 [main] INFO  o.a.kafka.common.utils.AppInfoParser - Kafka startTimeMs: 1640127534416
2021-12-22 01:58:55 [main] INFO  c.m.d.t.t.k.s.TwitterToKafkaServiceApplicationTest - Started TwitterToKafkaServiceApplicationTest in 2.062 seconds (JVM running for 2.772)
2021-12-22 01:58:55 [main] INFO  c.m.d.t.t.k.s.TwitterToKafkaServiceApplication - Application starts...
2021-12-22 01:58:55 [main] INFO  c.m.d.k.a.client.KafkaAdminClient - Creating 1 topic(s), attemp 0
2021-12-22 01:58:55 [main] INFO  c.m.d.k.a.client.KafkaAdminClient - Create topic result [KafkaFuture{value=null,exception=null,done=false}]
2021-12-22 01:58:55 [main] INFO  c.m.d.k.a.client.KafkaAdminClient - Reading kafka topic [twitter-topics], attempt 0
2021-12-22 01:58:56 [kafka-admin-client-thread | adminclient-1] WARN  o.apache.kafka.clients.NetworkClient - [AdminClient clientId=adminclient-1] Connection to node -1 (localhost/127.0.0.1:19092) could not be established. Broker may not be available.
2021-12-22 01:58:58 [kafka-admin-client-thread | adminclient-1] WARN  o.apache.kafka.clients.NetworkClient - [AdminClient clientId=adminclient-1] Connection to node -2 (localhost/127.0.0.1:29092) could not be established. Broker may not be available.
2021-12-22 01:59:00 [kafka-admin-client-thread | adminclient-1] WARN  o.apache.kafka.clients.NetworkClient - [AdminClient clientId=adminclient-1] Connection to node -1 (localhost/127.0.0.1:19092) could not be established. Broker may not be available.
2021-12-22 01:59:02 [kafka-admin-client-thread | adminclient-1] WARN  o.apache.kafka.clients.NetworkClient - [AdminClient clientId=adminclient-1] Connection to node -2 (localhost/127.0.0.1:29092) could not be established. Broker may not be available.
2021-12-22 01:59:04 [kafka-admin-client-thread | adminclient-1] WARN  o.apache.kafka.clients.NetworkClient - [AdminClient clientId=adminclient-1] Connection to node -3 (localhost/127.0.0.1:39092) could not be established. Broker may not be available.
2021-12-22 01:59:06 [kafka-admin-client-thread | adminclient-1] WARN  o.apache.kafka.clients.NetworkClient - [AdminClient clientId=adminclient-1] Connection to node -2 (localhost/127.0.0.1:29092) could not be established. Broker may not be available.
2021-12-22 01:59:08 [kafka-admin-client-thread | adminclient-1] WARN  o.apache.kafka.clients.NetworkClient - [AdminClient clientId=adminclient-1] Connection to node -3 (localhost/127.0.0.1:39092) could not be established. Broker may not be available.
2021-12-22 01:59:10 [kafka-admin-client-thread | adminclient-1] WARN  o.apache.kafka.clients.NetworkClient - [AdminClient clientId=adminclient-1] Connection to node -2 (localhost/127.0.0.1:29092) could not be established. Broker may not be available.
2021-12-22 01:59:12 [kafka-admin-client-thread | adminclient-1] WARN  o.apache.kafka.clients.NetworkClient - [AdminClient clientId=adminclient-1] Connection to node -1 (localhost/127.0.0.1:19092) could not be established. Broker may not be available.
2021-12-22 01:59:14 [kafka-admin-client-thread | adminclient-1] WARN  o.apache.kafka.clients.NetworkClient - [AdminClient clientId=adminclient-1] Connection to node -2 (localhost/127.0.0.1:29092) could not be established. Broker may not be available.
2021-12-22 01:59:16 [kafka-admin-client-thread | adminclient-1] WARN  o.apache.kafka.clients.NetworkClient - [AdminClient clientId=adminclient-1] Connection to node -1 (localhost/127.0.0.1:19092) could not be established. Broker may not be available.
2021-12-22 01:59:18 [kafka-admin-client-thread | adminclient-1] WARN  o.apache.kafka.clients.NetworkClient - [AdminClient clientId=adminclient-1] Connection to node -2 (localhost/127.0.0.1:29092) could not be established. Broker may not be available.
2021-12-22 01:59:20 [kafka-admin-client-thread | adminclient-1] WARN  o.apache.kafka.clients.NetworkClient - [AdminClient clientId=adminclient-1] Connection to node -1 (localhost/127.0.0.1:19092) could not be established. Broker may not be available.
2021-12-22 01:59:22 [kafka-admin-client-thread | adminclient-1] WARN  o.apache.kafka.clients.NetworkClient - [AdminClient clientId=adminclient-1] Connection to node -2 (localhost/127.0.0.1:29092) could not be established. Broker may not be available.
2021-12-22 01:59:24 [kafka-admin-client-thread | adminclient-1] INFO  o.a.k.c.a.i.AdminMetadataManager - [AdminClient clientId=adminclient-1] Metadata update failed
org.apache.kafka.common.errors.TimeoutException: Call(callName=fetchMetadata, deadlineMs=1640127564420) timed out at 1640127564435 after 1 attempt(s)
Caused by: org.apache.kafka.common.errors.TimeoutException: Timed out waiting to send the call.
2021-12-22 01:59:25 [kafka-admin-client-thread | adminclient-1] WARN  o.apache.kafka.clients.NetworkClient - [AdminClient clientId=adminclient-1] Connection to node -3 (localhost/127.0.0.1:39092) could not be established. Broker may not be available.
2021-12-22 01:59:27 [kafka-admin-client-thread | adminclient-1] WARN  o.apache.kafka.clients.NetworkClient - [AdminClient clientId=adminclient-1] Connection to node -1 (localhost/127.0.0.1:19092) could not be established. Broker may not be available.
2021-12-22 01:59:29 [kafka-admin-client-thread | adminclient-1] WARN  o.apache.kafka.clients.NetworkClient - [AdminClient clientId=adminclient-1] Connection to node -3 (localhost/127.0.0.1:39092) could not be established. Broker may not be available.
2021-12-22 01:59:31 [kafka-admin-client-thread | adminclient-1] WARN  o.apache.kafka.clients.NetworkClient - [AdminClient clientId=adminclient-1] Connection to node -1 (localhost/127.0.0.1:19092) could not be established. Broker may not be available.
2021-12-22 01:59:33 [kafka-admin-client-thread | adminclient-1] WARN  o.apache.kafka.clients.NetworkClient - [AdminClient clientId=adminclient-1] Connection to node -3 (localhost/127.0.0.1:39092) could not be established. Broker may not be available.
2021-12-22 01:59:35 [kafka-admin-client-thread | adminclient-1] WARN  o.apache.kafka.clients.NetworkClient - [AdminClient clientId=adminclient-1] Connection to node -1 (localhost/127.0.0.1:19092) could not be established. Broker may not be available.
2021-12-22 01:59:37 [kafka-admin-client-thread | adminclient-1] WARN  o.apache.kafka.clients.NetworkClient - [AdminClient clientId=adminclient-1] Connection to node -3 (localhost/127.0.0.1:39092) could not be established. Broker may not be available.
2021-12-22 01:59:39 [kafka-admin-client-thread | adminclient-1] WARN  o.apache.kafka.clients.NetworkClient - [AdminClient clientId=adminclient-1] Connection to node -1 (localhost/127.0.0.1:19092) could not be established. Broker may not be available.
2021-12-22 01:59:41 [kafka-admin-client-thread | adminclient-1] WARN  o.apache.kafka.clients.NetworkClient - [AdminClient clientId=adminclient-1] Connection to node -3 (localhost/127.0.0.1:39092) could not be established. Broker may not be available.
2021-12-22 01:59:43 [kafka-admin-client-thread | adminclient-1] WARN  o.apache.kafka.clients.NetworkClient - [AdminClient clientId=adminclient-1] Connection to node -1 (localhost/127.0.0.1:19092) could not be established. Broker may not be available.
2021-12-22 01:59:45 [kafka-admin-client-thread | adminclient-1] WARN  o.apache.kafka.clients.NetworkClient - [AdminClient clientId=adminclient-1] Connection to node -2 (localhost/127.0.0.1:29092) could not be established. Broker may not be available.
2021-12-22 01:59:47 [kafka-admin-client-thread | adminclient-1] WARN  o.apache.kafka.clients.NetworkClient - [AdminClient clientId=adminclient-1] Connection to node -3 (localhost/127.0.0.1:39092) could not be established. Broker may not be available.
2021-12-22 01:59:49 [kafka-admin-client-thread | adminclient-1] WARN  o.apache.kafka.clients.NetworkClient - [AdminClient clientId=adminclient-1] Connection to node -2 (localhost/127.0.0.1:29092) could not be established. Broker may not be available.
2021-12-22 01:59:51 [kafka-admin-client-thread | adminclient-1] WARN  o.apache.kafka.clients.NetworkClient - [AdminClient clientId=adminclient-1] Connection to node -3 (localhost/127.0.0.1:39092) could not be established. Broker may not be available.
2021-12-22 01:59:53 [kafka-admin-client-thread | adminclient-1] WARN  o.apache.kafka.clients.NetworkClient - [AdminClient clientId=adminclient-1] Connection to node -1 (localhost/127.0.0.1:19092) could not be established. Broker may not be available.
2021-12-22 01:59:54 [kafka-admin-client-thread | adminclient-1] INFO  o.a.k.c.a.i.AdminMetadataManager - [AdminClient clientId=adminclient-1] Metadata update failed
org.apache.kafka.common.errors.TimeoutException: Call(callName=fetchMetadata, deadlineMs=1640127594435) timed out at 1640127594440 after 1 attempt(s)
Caused by: org.apache.kafka.common.errors.TimeoutException: Timed out waiting to send the call.
2021-12-22 01:59:55 [kafka-admin-client-thread | adminclient-1] WARN  o.apache.kafka.clients.NetworkClient - [AdminClient clientId=adminclient-1] Connection to node -2 (localhost/127.0.0.1:29092) could not be established. Broker may not be available.
2021-12-22 01:59:56 [main] INFO  c.m.d.k.a.client.KafkaAdminClient - Reading kafka topic [twitter-topics], attempt 1
2021-12-22 01:59:57 [kafka-admin-client-thread | adminclient-1] WARN  o.apache.kafka.clients.NetworkClient - [AdminClient clientId=adminclient-1] Connection to node -3 (localhost/127.0.0.1:39092) could not be established. Broker may not be available.
2021-12-22 01:59:59 [kafka-admin-client-thread | adminclient-1] WARN  o.apache.kafka.clients.NetworkClient - [AdminClient clientId=adminclient-1] Connection to node -1 (localhost/127.0.0.1:19092) could not be established. Broker may not be available.
2021-12-22 02:00:01 [kafka-admin-client-thread | adminclient-1] WARN  o.apache.kafka.clients.NetworkClient - [AdminClient clientId=adminclient-1] Connection to node -2 (localhost/127.0.0.1:29092) could not be established. Broker may not be available.
2021-12-22 02:00:03 [kafka-admin-client-thread | adminclient-1] WARN  o.apache.kafka.clients.NetworkClient - [AdminClient clientId=adminclient-1] Connection to node -1 (localhost/127.0.0.1:19092) could not be established. Broker may not be available.
2021-12-22 02:00:05 [kafka-admin-client-thread | adminclient-1] WARN  o.apache.kafka.clients.NetworkClient - [AdminClient clientId=adminclient-1] Connection to node -2 (localhost/127.0.0.1:29092) could not be established. Broker may not be available.
2021-12-22 02:00:07 [kafka-admin-client-thread | adminclient-1] WARN  o.apache.kafka.clients.NetworkClient - [AdminClient clientId=adminclient-1] Connection to node -1 (localhost/127.0.0.1:19092) could not be established. Broker may not be available.
2021-12-22 02:00:10 [kafka-admin-client-thread | adminclient-1] WARN  o.apache.kafka.clients.NetworkClient - [AdminClient clientId=adminclient-1] Connection to node -3 (localhost/127.0.0.1:39092) could not be established. Broker may not be available.
2021-12-22 02:00:12 [kafka-admin-client-thread | adminclient-1] WARN  o.apache.kafka.clients.NetworkClient - [AdminClient clientId=adminclient-1] Connection to node -2 (localhost/127.0.0.1:29092) could not be established. Broker may not be available.
2021-12-22 02:00:14 [kafka-admin-client-thread | adminclient-1] WARN  o.apache.kafka.clients.NetworkClient - [AdminClient clientId=adminclient-1] Connection to node -1 (localhost/127.0.0.1:19092) could not be established. Broker may not be available.
2021-12-22 02:00:16 [kafka-admin-client-thread | adminclient-1] WARN  o.apache.kafka.clients.NetworkClient - [AdminClient clientId=adminclient-1] Connection to node -2 (localhost/127.0.0.1:29092) could not be established. Broker may not be available.
2021-12-22 02:00:18 [kafka-admin-client-thread | adminclient-1] WARN  o.apache.kafka.clients.NetworkClient - [AdminClient clientId=adminclient-1] Connection to node -3 (localhost/127.0.0.1:39092) could not be established. Broker may not be available.
2021-12-22 02:00:20 [kafka-admin-client-thread | adminclient-1] WARN  o.apache.kafka.clients.NetworkClient - [AdminClient clientId=adminclient-1] Connection to node -2 (localhost/127.0.0.1:29092) could not be established. Broker may not be available.
2021-12-22 02:00:22 [kafka-admin-client-thread | adminclient-1] WARN  o.apache.kafka.clients.NetworkClient - [AdminClient clientId=adminclient-1] Connection to node -3 (localhost/127.0.0.1:39092) could not be established. Broker may not be available.
2021-12-22 02:00:24 [kafka-admin-client-thread | adminclient-1] WARN  o.apache.kafka.clients.NetworkClient - [AdminClient clientId=adminclient-1] Connection to node -1 (localhost/127.0.0.1:19092) could not be established. Broker may not be available.
2021-12-22 02:00:24 [kafka-admin-client-thread | adminclient-1] INFO  o.a.k.c.a.i.AdminMetadataManager - [AdminClient clientId=adminclient-1] Metadata update failed
org.apache.kafka.common.errors.TimeoutException: Call(callName=fetchMetadata, deadlineMs=1640127624440) timed out at 1640127624443 after 1 attempt(s)
Caused by: org.apache.kafka.common.errors.TimeoutException: Timed out waiting to send the call.
2021-12-22 02:00:26 [kafka-admin-client-thread | adminclient-1] WARN  o.apache.kafka.clients.NetworkClient - [AdminClient clientId=adminclient-1] Connection to node -3 (localhost/127.0.0.1:39092) could not be established. Broker may not be available.
2021-12-22 02:00:28 [kafka-admin-client-thread | adminclient-1] WARN  o.apache.kafka.clients.NetworkClient - [AdminClient clientId=adminclient-1] Connection to node -1 (localhost/127.0.0.1:19092) could not be established. Broker may not be available.
2021-12-22 02:00:30 [kafka-admin-client-thread | adminclient-1] WARN  o.apache.kafka.clients.NetworkClient - [AdminClient clientId=adminclient-1] Connection to node -2 (localhost/127.0.0.1:29092) could not be established. Broker may not be available.
2021-12-22 02:00:32 [kafka-admin-client-thread | adminclient-1] WARN  o.apache.kafka.clients.NetworkClient - [AdminClient clientId=adminclient-1] Connection to node -3 (localhost/127.0.0.1:39092) could not be established. Broker may not be available.
2021-12-22 02:00:34 [kafka-admin-client-thread | adminclient-1] WARN  o.apache.kafka.clients.NetworkClient - [AdminClient clientId=adminclient-1] Connection to node -2 (localhost/127.0.0.1:29092) could not be established. Broker may not be available.
2021-12-22 02:00:36 [kafka-admin-client-thread | adminclient-1] WARN  o.apache.kafka.clients.NetworkClient - [AdminClient clientId=adminclient-1] Connection to node -3 (localhost/127.0.0.1:39092) could not be established. Broker may not be available.
2021-12-22 02:00:38 [kafka-admin-client-thread | adminclient-1] WARN  o.apache.kafka.clients.NetworkClient - [AdminClient clientId=adminclient-1] Connection to node -1 (localhost/127.0.0.1:19092) could not be established. Broker may not be available.
2021-12-22 02:00:40 [kafka-admin-client-thread | adminclient-1] WARN  o.apache.kafka.clients.NetworkClient - [AdminClient clientId=adminclient-1] Connection to node -2 (localhost/127.0.0.1:29092) could not be established. Broker may not be available.
2021-12-22 02:00:42 [kafka-admin-client-thread | adminclient-1] WARN  o.apache.kafka.clients.NetworkClient - [AdminClient clientId=adminclient-1] Connection to node -3 (localhost/127.0.0.1:39092) could not be established. Broker may not be available.
2021-12-22 02:00:44 [kafka-admin-client-thread | adminclient-1] WARN  o.apache.kafka.clients.NetworkClient - [AdminClient clientId=adminclient-1] Connection to node -1 (localhost/127.0.0.1:19092) could not be established. Broker may not be available.
2021-12-22 02:00:46 [kafka-admin-client-thread | adminclient-1] WARN  o.apache.kafka.clients.NetworkClient - [AdminClient clientId=adminclient-1] Connection to node -2 (localhost/127.0.0.1:29092) could not be established. Broker may not be available.
2021-12-22 02:00:48 [kafka-admin-client-thread | adminclient-1] WARN  o.apache.kafka.clients.NetworkClient - [AdminClient clientId=adminclient-1] Connection to node -3 (localhost/127.0.0.1:39092) could not be established. Broker may not be available.
2021-12-22 02:00:50 [kafka-admin-client-thread | adminclient-1] WARN  o.apache.kafka.clients.NetworkClient - [AdminClient clientId=adminclient-1] Connection to node -1 (localhost/127.0.0.1:19092) could not be established. Broker may not be available.
2021-12-22 02:02:24 [main] INFO  o.s.b.t.c.SpringBootTestContextBootstrapper - Neither @ContextConfiguration nor @ContextHierarchy found for test class [com.microservices.demo.twitter.to.kafka.service.TwitterToKafkaServiceApplicationTest], using SpringBootContextLoader
2021-12-22 02:02:24 [main] INFO  o.s.t.c.s.AbstractContextLoader - Could not detect default resource locations for test class [com.microservices.demo.twitter.to.kafka.service.TwitterToKafkaServiceApplicationTest]: no resource found for suffixes {-context.xml, Context.groovy}.
2021-12-22 02:02:24 [main] INFO  o.s.t.c.s.AnnotationConfigContextLoaderUtils - Could not detect default configuration classes for test class [com.microservices.demo.twitter.to.kafka.service.TwitterToKafkaServiceApplicationTest]: TwitterToKafkaServiceApplicationTest does not declare any static, non-private, non-final, nested classes annotated with @Configuration.
2021-12-22 02:02:24 [main] INFO  o.s.b.t.c.SpringBootTestContextBootstrapper - Found @SpringBootConfiguration com.microservices.demo.twitter.to.kafka.service.TwitterToKafkaServiceApplication for test class com.microservices.demo.twitter.to.kafka.service.TwitterToKafkaServiceApplicationTest
2021-12-22 02:02:24 [main] INFO  o.s.b.t.c.SpringBootTestContextBootstrapper - Loaded default TestExecutionListener class names from location [META-INF/spring.factories]: [org.springframework.boot.test.mock.mockito.MockitoTestExecutionListener, org.springframework.boot.test.mock.mockito.ResetMocksTestExecutionListener, org.springframework.boot.test.autoconfigure.restdocs.RestDocsTestExecutionListener, org.springframework.boot.test.autoconfigure.web.client.MockRestServiceServerResetTestExecutionListener, org.springframework.boot.test.autoconfigure.web.servlet.MockMvcPrintOnlyOnFailureTestExecutionListener, org.springframework.boot.test.autoconfigure.web.servlet.WebDriverTestExecutionListener, org.springframework.boot.test.autoconfigure.webservices.client.MockWebServiceServerTestExecutionListener, org.springframework.test.context.web.ServletTestExecutionListener, org.springframework.test.context.support.DirtiesContextBeforeModesTestExecutionListener, org.springframework.test.context.support.DependencyInjectionTestExecutionListener, org.springframework.test.context.support.DirtiesContextTestExecutionListener, org.springframework.test.context.transaction.TransactionalTestExecutionListener, org.springframework.test.context.jdbc.SqlScriptsTestExecutionListener, org.springframework.test.context.event.EventPublishingTestExecutionListener]
2021-12-22 02:02:24 [main] INFO  o.s.b.t.c.SpringBootTestContextBootstrapper - Using TestExecutionListeners: [org.springframework.test.context.support.DirtiesContextBeforeModesTestExecutionListener@be830c49, org.springframework.boot.test.mock.mockito.MockitoTestExecutionListener@ae867909, org.springframework.boot.test.autoconfigure.SpringBootDependencyInjectionTestExecutionListener@27a061da, org.springframework.test.context.support.DirtiesContextTestExecutionListener@c92ff1a9, org.springframework.test.context.transaction.TransactionalTestExecutionListener@740c91d1, org.springframework.test.context.jdbc.SqlScriptsTestExecutionListener@aa124de, org.springframework.test.context.event.EventPublishingTestExecutionListener@b05f3eea, org.springframework.boot.test.mock.mockito.ResetMocksTestExecutionListener@88c7190b, org.springframework.boot.test.autoconfigure.restdocs.RestDocsTestExecutionListener@4482fecf, org.springframework.boot.test.autoconfigure.web.client.MockRestServiceServerResetTestExecutionListener@22b20c6e, org.springframework.boot.test.autoconfigure.web.servlet.MockMvcPrintOnlyOnFailureTestExecutionListener@79f7ddcf, org.springframework.boot.test.autoconfigure.web.servlet.WebDriverTestExecutionListener@f2331f97, org.springframework.boot.test.autoconfigure.webservices.client.MockWebServiceServerTestExecutionListener@6b6b2df9]
2021-12-22 02:02:25 [main] INFO  c.m.d.t.t.k.s.TwitterToKafkaServiceApplicationTest - Starting TwitterToKafkaServiceApplicationTest on DESKTOP-VUQ369D with PID 22240 (started by 425Dell in C:\Users\425Dell\IdeaProjects\microservices-demo\microservices-demo\twitter-to-kafka-service)
2021-12-22 02:02:25 [main] INFO  c.m.d.t.t.k.s.TwitterToKafkaServiceApplicationTest - No active profile set, falling back to default profiles: default
2021-12-22 02:02:25 [main] INFO  o.a.k.c.admin.AdminClientConfig - AdminClientConfig values: 
	bootstrap.servers = [localhost:19092, localhost:29092, localhost:39092]
	client.dns.lookup = default
	client.id = 
	connections.max.idle.ms = 300000
	default.api.timeout.ms = 60000
	metadata.max.age.ms = 300000
	metric.reporters = []
	metrics.num.samples = 2
	metrics.recording.level = INFO
	metrics.sample.window.ms = 30000
	receive.buffer.bytes = 65536
	reconnect.backoff.max.ms = 1000
	reconnect.backoff.ms = 50
	request.timeout.ms = 30000
	retries = 2147483647
	retry.backoff.ms = 100
	sasl.client.callback.handler.class = null
	sasl.jaas.config = null
	sasl.kerberos.kinit.cmd = /usr/bin/kinit
	sasl.kerberos.min.time.before.relogin = 60000
	sasl.kerberos.service.name = null
	sasl.kerberos.ticket.renew.jitter = 0.05
	sasl.kerberos.ticket.renew.window.factor = 0.8
	sasl.login.callback.handler.class = null
	sasl.login.class = null
	sasl.login.refresh.buffer.seconds = 300
	sasl.login.refresh.min.period.seconds = 60
	sasl.login.refresh.window.factor = 0.8
	sasl.login.refresh.window.jitter = 0.05
	sasl.mechanism = GSSAPI
	security.protocol = PLAINTEXT
	security.providers = null
	send.buffer.bytes = 131072
	ssl.cipher.suites = null
	ssl.enabled.protocols = [TLSv1.2]
	ssl.endpoint.identification.algorithm = https
	ssl.key.password = null
	ssl.keymanager.algorithm = SunX509
	ssl.keystore.location = null
	ssl.keystore.password = null
	ssl.keystore.type = JKS
	ssl.protocol = TLSv1.2
	ssl.provider = null
	ssl.secure.random.implementation = null
	ssl.trustmanager.algorithm = PKIX
	ssl.truststore.location = null
	ssl.truststore.password = null
	ssl.truststore.type = JKS

2021-12-22 02:02:26 [main] INFO  o.a.kafka.common.utils.AppInfoParser - Kafka version: 2.5.1
2021-12-22 02:02:26 [main] INFO  o.a.kafka.common.utils.AppInfoParser - Kafka commitId: 0efa8fb0f4c73d92
2021-12-22 02:02:26 [main] INFO  o.a.kafka.common.utils.AppInfoParser - Kafka startTimeMs: 1640127746156
2021-12-22 02:02:27 [main] INFO  c.m.d.t.t.k.s.TwitterToKafkaServiceApplicationTest - Started TwitterToKafkaServiceApplicationTest in 2.154 seconds (JVM running for 2.886)
2021-12-22 02:02:27 [main] INFO  c.m.d.t.t.k.s.TwitterToKafkaServiceApplication - Application starts...
2021-12-22 02:02:27 [main] INFO  c.m.d.k.a.client.KafkaAdminClient - Creating 1 topic(s), attemp 0
2021-12-22 02:02:27 [main] INFO  c.m.d.k.a.client.KafkaAdminClient - Create topic result [KafkaFuture{value=null,exception=null,done=false}]
2021-12-22 02:02:27 [main] INFO  c.m.d.k.a.client.KafkaAdminClient - Reading kafka topic [twitter-topics], attempt 0
2021-12-22 02:02:27 [main] INFO  c.m.d.t.t.k.s.i.i.KafkaStreamInitializer - Topics with name twitter-topics is ready for operations!
2021-12-22 02:02:27 [main] INFO  c.m.d.t.t.k.s.r.i.MockKafkaStreamRunner - Starting mock filtering twitter streams for keywords [Java, Spring, Microservices, Elasticsearch, Kafka]
2021-12-22 02:02:27 [pool-1-thread-1] INFO  c.m.d.t.t.k.s.l.TwitterKafkaStatusListener - Received status text vel vel adipiscing Elasticsearch elit amet sending to kafka topic twitter-topic
2021-12-22 02:02:27 [pool-1-thread-1] INFO  c.m.d.k.p.c.s.i.TwitterKafkaProducer - Sending message='{"userId": 3715652684331377046, "id": 6919083748397923349, "text": "vel vel adipiscing Elasticsearch elit amet", "createdAt": 1640127747000}' to topic='twitter-topic'
2021-12-22 02:02:30 [SpringContextShutdownHook] INFO  c.m.d.k.p.c.s.i.TwitterKafkaProducer - Closing kafka producer!
